[[[微信扩展缓存注册完成]]]
[2020/10/28 17:08:58.4402]
[线程：1]
微信扩展缓存注册总用时：0.0023ms
扩展缓存：Senparc.Weixin.Cache.LocalContainerCacheStrategy

[[[系统日志]]]
[2020/10/28 17:08:58.4202]
[线程：1]
系统启动

[[[自动注册扩展缓存完成]]]
[2020/10/28 17:08:58.4168]
[线程：1]
注册总用时：2.1764ms
自动扫描程序集：0个
扩展缓存：

[[[微信扩展缓存注册完成]]]
[2020/10/28 17:50:02.9156]
[线程：1]
微信扩展缓存注册总用时：0.0025ms
扩展缓存：Senparc.Weixin.Cache.LocalContainerCacheStrategy

[[[系统日志]]]
[2020/10/28 17:50:02.8975]
[线程：1]
系统启动

[[[自动注册扩展缓存完成]]]
[2020/10/28 17:50:02.8952]
[线程：1]
注册总用时：1.7837ms
自动扫描程序集：0个
扩展缓存：

[[[自动注册扩展缓存完成]]]
[2020/10/28 17:54:15.6735]
[线程：1]
注册总用时：1.591ms
自动扫描程序集：0个
扩展缓存：

[[[系统日志]]]
[2020/10/28 17:54:15.6762]
[线程：1]
系统启动

[[[微信扩展缓存注册完成]]]
[2020/10/28 17:54:15.6939]
[线程：1]
微信扩展缓存注册总用时：0.0032ms
扩展缓存：Senparc.Weixin.Cache.LocalContainerCacheStrategy

[[[系统日志]]]
[2020/10/28 18:42:27.6947]
[线程：1]
系统启动

[[[自动注册扩展缓存完成]]]
[2020/10/28 18:42:27.6921]
[线程：1]
注册总用时：1.6269ms
自动扫描程序集：0个
扩展缓存：

[[[微信扩展缓存注册完成]]]
[2020/10/28 18:42:27.7116]
[线程：1]
微信扩展缓存注册总用时：0.0023ms
扩展缓存：Senparc.Weixin.Cache.LocalContainerCacheStrategy

[[[微信扩展缓存注册完成]]]
[2020/10/28 18:43:19.7469]
[线程：1]
微信扩展缓存注册总用时：0.005ms
扩展缓存：Senparc.Weixin.Cache.LocalContainerCacheStrategy

[[[系统日志]]]
[2020/10/28 18:43:19.7135]
[线程：1]
系统启动

[[[自动注册扩展缓存完成]]]
[2020/10/28 18:43:19.6912]
[线程：1]
注册总用时：21.4166ms
自动扫描程序集：0个
扩展缓存：

