[[[微信扩展缓存注册完成]]]
[2020/09/16 16:07:27.4522]
[线程：1]
微信扩展缓存注册总用时：0.0025ms
扩展缓存：Senparc.Weixin.Cache.LocalContainerCacheStrategy

[[[自动注册扩展缓存完成]]]
[2020/09/16 16:07:27.4259]
[线程：1]
注册总用时：1.629ms
自动扫描程序集：0个
扩展缓存：

[[[系统日志]]]
[2020/09/16 16:07:27.4285]
[线程：1]
系统启动

[[[微信扩展缓存注册完成]]]
[2020/09/16 16:09:52.2367]
[线程：1]
微信扩展缓存注册总用时：0.0021ms
扩展缓存：Senparc.Weixin.Cache.LocalContainerCacheStrategy

[[[自动注册扩展缓存完成]]]
[2020/09/16 16:09:52.2183]
[线程：1]
注册总用时：1.6389ms
自动扫描程序集：0个
扩展缓存：

[[[系统日志]]]
[2020/09/16 16:09:52.2208]
[线程：1]
系统启动

[[[微信扩展缓存注册完成]]]
[2020/09/16 16:11:04.8484]
[线程：1]
微信扩展缓存注册总用时：0.0026ms
扩展缓存：Senparc.Weixin.Cache.LocalContainerCacheStrategy

[[[自动注册扩展缓存完成]]]
[2020/09/16 16:11:04.8301]
[线程：1]
注册总用时：1.6203ms
自动扫描程序集：0个
扩展缓存：

[[[系统日志]]]
[2020/09/16 16:11:04.8326]
[线程：1]
系统启动

