[[[系统日志]]]
[2020/10/09 09:17:46.3963]
[线程：1]
系统启动

[[[自动注册扩展缓存完成]]]
[2020/10/09 09:17:46.3928]
[线程：1]
注册总用时：1.887ms
自动扫描程序集：0个
扩展缓存：

[[[微信扩展缓存注册完成]]]
[2020/10/09 09:17:46.4159]
[线程：1]
微信扩展缓存注册总用时：0.0034ms
扩展缓存：Senparc.Weixin.Cache.LocalContainerCacheStrategy

[[[自动注册扩展缓存完成]]]
[2020/10/09 11:01:34.1719]
[线程：1]
注册总用时：1.5994ms
自动扫描程序集：0个
扩展缓存：

[[[微信扩展缓存注册完成]]]
[2020/10/09 11:01:34.1883]
[线程：1]
微信扩展缓存注册总用时：0.0025ms
扩展缓存：Senparc.Weixin.Cache.LocalContainerCacheStrategy

[[[系统日志]]]
[2020/10/09 11:01:34.1742]
[线程：1]
系统启动

[[[微信扩展缓存注册完成]]]
[2020/10/09 11:11:17.8371]
[线程：1]
微信扩展缓存注册总用时：0.0022ms
扩展缓存：Senparc.Weixin.Cache.LocalContainerCacheStrategy

[[[自动注册扩展缓存完成]]]
[2020/10/09 11:11:17.8199]
[线程：1]
注册总用时：1.5244ms
自动扫描程序集：0个
扩展缓存：

[[[系统日志]]]
[2020/10/09 11:11:17.8226]
[线程：1]
系统启动

[[[自动注册扩展缓存完成]]]
[2020/10/09 11:12:03.6006]
[线程：1]
注册总用时：1.5106ms
自动扫描程序集：0个
扩展缓存：

[[[系统日志]]]
[2020/10/09 11:12:03.6033]
[线程：1]
系统启动

[[[微信扩展缓存注册完成]]]
[2020/10/09 11:12:03.6184]
[线程：1]
微信扩展缓存注册总用时：0.0019ms
扩展缓存：Senparc.Weixin.Cache.LocalContainerCacheStrategy

[[[微信扩展缓存注册完成]]]
[2020/10/09 11:18:14.3073]
[线程：1]
微信扩展缓存注册总用时：0.0025ms
扩展缓存：Senparc.Weixin.Cache.LocalContainerCacheStrategy

[[[自动注册扩展缓存完成]]]
[2020/10/09 11:18:14.2865]
[线程：1]
注册总用时：1.4926ms
自动扫描程序集：0个
扩展缓存：

[[[系统日志]]]
[2020/10/09 11:18:14.2888]
[线程：1]
系统启动

[[[系统日志]]]
[2020/10/09 11:19:47.6736]
[线程：1]
系统启动

[[[自动注册扩展缓存完成]]]
[2020/10/09 11:19:47.6710]
[线程：1]
注册总用时：2.1549ms
自动扫描程序集：0个
扩展缓存：

[[[微信扩展缓存注册完成]]]
[2020/10/09 11:19:47.6957]
[线程：1]
微信扩展缓存注册总用时：0.003ms
扩展缓存：Senparc.Weixin.Cache.LocalContainerCacheStrategy

[[[自动注册扩展缓存完成]]]
[2020/10/09 11:21:05.1553]
[线程：1]
注册总用时：1.462ms
自动扫描程序集：0个
扩展缓存：

[[[微信扩展缓存注册完成]]]
[2020/10/09 11:21:05.1715]
[线程：1]
微信扩展缓存注册总用时：0.0023ms
扩展缓存：Senparc.Weixin.Cache.LocalContainerCacheStrategy

[[[系统日志]]]
[2020/10/09 11:21:05.1578]
[线程：1]
系统启动

[[[微信扩展缓存注册完成]]]
[2020/10/09 11:42:14.1225]
[线程：1]
微信扩展缓存注册总用时：0.0033ms
扩展缓存：Senparc.Weixin.Cache.LocalContainerCacheStrategy

[[[自动注册扩展缓存完成]]]
[2020/10/09 11:42:14.0993]
[线程：1]
注册总用时：1.4702ms
自动扫描程序集：0个
扩展缓存：

[[[系统日志]]]
[2020/10/09 11:42:14.1016]
[线程：1]
系统启动

[[[系统日志]]]
[2020/10/09 11:43:36.9495]
[线程：1]
系统启动

[[[自动注册扩展缓存完成]]]
[2020/10/09 11:43:36.9466]
[线程：1]
注册总用时：1.5356ms
自动扫描程序集：0个
扩展缓存：

[[[微信扩展缓存注册完成]]]
[2020/10/09 11:43:36.9645]
[线程：1]
微信扩展缓存注册总用时：0.0022ms
扩展缓存：Senparc.Weixin.Cache.LocalContainerCacheStrategy

[[[系统日志]]]
[2020/10/09 11:56:06.7115]
[线程：1]
系统启动

[[[微信扩展缓存注册完成]]]
[2020/10/09 11:56:06.7258]
[线程：1]
微信扩展缓存注册总用时：0.0024ms
扩展缓存：Senparc.Weixin.Cache.LocalContainerCacheStrategy

[[[自动注册扩展缓存完成]]]
[2020/10/09 11:56:06.7092]
[线程：1]
注册总用时：1.466ms
自动扫描程序集：0个
扩展缓存：

[[[系统日志]]]
[2020/10/09 12:38:17.0703]
[线程：1]
系统启动

[[[自动注册扩展缓存完成]]]
[2020/10/09 12:38:17.0679]
[线程：1]
注册总用时：1.5485ms
自动扫描程序集：0个
扩展缓存：

[[[微信扩展缓存注册完成]]]
[2020/10/09 12:38:17.0857]
[线程：1]
微信扩展缓存注册总用时：0.002ms
扩展缓存：Senparc.Weixin.Cache.LocalContainerCacheStrategy

[[[微信扩展缓存注册完成]]]
[2020/10/09 12:44:23.6103]
[线程：1]
微信扩展缓存注册总用时：0.0021ms
扩展缓存：Senparc.Weixin.Cache.LocalContainerCacheStrategy

[[[系统日志]]]
[2020/10/09 12:44:23.5956]
[线程：1]
系统启动

[[[自动注册扩展缓存完成]]]
[2020/10/09 12:44:23.5933]
[线程：1]
注册总用时：1.5827ms
自动扫描程序集：0个
扩展缓存：

[[[系统日志]]]
[2020/10/09 12:48:59.2262]
[线程：1]
系统启动

[[[自动注册扩展缓存完成]]]
[2020/10/09 12:48:59.2233]
[线程：1]
注册总用时：1.5662ms
自动扫描程序集：0个
扩展缓存：

[[[微信扩展缓存注册完成]]]
[2020/10/09 12:48:59.2433]
[线程：1]
微信扩展缓存注册总用时：0.0031ms
扩展缓存：Senparc.Weixin.Cache.LocalContainerCacheStrategy

[[[自动注册扩展缓存完成]]]
[2020/10/09 12:49:45.5771]
[线程：1]
注册总用时：1.5621ms
自动扫描程序集：0个
扩展缓存：

[[[微信扩展缓存注册完成]]]
[2020/10/09 12:49:45.5988]
[线程：1]
微信扩展缓存注册总用时：0.003ms
扩展缓存：Senparc.Weixin.Cache.LocalContainerCacheStrategy

[[[系统日志]]]
[2020/10/09 12:49:45.5795]
[线程：1]
系统启动

