[[[自动注册扩展缓存完成]]]
[2020/10/30 09:07:18.9463]
[线程：1]
注册总用时：1.6618ms
自动扫描程序集：0个
扩展缓存：

[[[微信扩展缓存注册完成]]]
[2020/10/30 09:07:18.9646]
[线程：1]
微信扩展缓存注册总用时：0.0025ms
扩展缓存：Senparc.Weixin.Cache.LocalContainerCacheStrategy

[[[系统日志]]]
[2020/10/30 09:07:18.9487]
[线程：1]
系统启动

[[[自动注册扩展缓存完成]]]
[2020/10/30 09:15:01.9150]
[线程：1]
注册总用时：2.2677ms
自动扫描程序集：0个
扩展缓存：

[[[系统日志]]]
[2020/10/30 09:15:01.9183]
[线程：1]
系统启动

[[[微信扩展缓存注册完成]]]
[2020/10/30 09:15:01.9367]
[线程：1]
微信扩展缓存注册总用时：0.0023ms
扩展缓存：Senparc.Weixin.Cache.LocalContainerCacheStrategy

[[[微信扩展缓存注册完成]]]
[2020/10/30 09:18:53.1295]
[线程：1]
微信扩展缓存注册总用时：0.002ms
扩展缓存：Senparc.Weixin.Cache.LocalContainerCacheStrategy

[[[自动注册扩展缓存完成]]]
[2020/10/30 09:18:53.1117]
[线程：1]
注册总用时：2.0673ms
自动扫描程序集：0个
扩展缓存：

[[[系统日志]]]
[2020/10/30 09:18:53.1141]
[线程：1]
系统启动

[[[微信扩展缓存注册完成]]]
[2020/10/30 09:24:18.1517]
[线程：1]
微信扩展缓存注册总用时：0.0025ms
扩展缓存：Senparc.Weixin.Cache.LocalContainerCacheStrategy

[[[系统日志]]]
[2020/10/30 09:24:18.1327]
[线程：1]
系统启动

[[[自动注册扩展缓存完成]]]
[2020/10/30 09:24:18.1298]
[线程：1]
注册总用时：2.8006ms
自动扫描程序集：0个
扩展缓存：

[[[微信扩展缓存注册完成]]]
[2020/10/30 16:04:27.7384]
[线程：1]
微信扩展缓存注册总用时：0.002ms
扩展缓存：Senparc.Weixin.Cache.LocalContainerCacheStrategy

[[[系统日志]]]
[2020/10/30 16:04:27.7230]
[线程：1]
系统启动

[[[自动注册扩展缓存完成]]]
[2020/10/30 16:04:27.7207]
[线程：1]
注册总用时：2.6758ms
自动扫描程序集：0个
扩展缓存：

[[[自动注册扩展缓存完成]]]
[2020/10/30 16:05:39.2439]
[线程：1]
注册总用时：1.6837ms
自动扫描程序集：0个
扩展缓存：

[[[系统日志]]]
[2020/10/30 16:05:39.2470]
[线程：1]
系统启动

[[[微信扩展缓存注册完成]]]
[2020/10/30 16:05:39.2624]
[线程：1]
微信扩展缓存注册总用时：0.0035ms
扩展缓存：Senparc.Weixin.Cache.LocalContainerCacheStrategy

[[[微信扩展缓存注册完成]]]
[2020/10/30 16:14:32.5104]
[线程：1]
微信扩展缓存注册总用时：0.0024ms
扩展缓存：Senparc.Weixin.Cache.LocalContainerCacheStrategy

[[[系统日志]]]
[2020/10/30 16:14:32.4942]
[线程：1]
系统启动

[[[自动注册扩展缓存完成]]]
[2020/10/30 16:14:32.4913]
[线程：1]
注册总用时：1.9841ms
自动扫描程序集：0个
扩展缓存：

[[[系统日志]]]
[2020/10/30 16:50:17.1461]
[线程：1]
系统启动

[[[微信扩展缓存注册完成]]]
[2020/10/30 16:50:17.1651]
[线程：1]
微信扩展缓存注册总用时：0.0027ms
扩展缓存：Senparc.Weixin.Cache.LocalContainerCacheStrategy

[[[自动注册扩展缓存完成]]]
[2020/10/30 16:50:17.1432]
[线程：1]
注册总用时：1.7791ms
自动扫描程序集：0个
扩展缓存：

