[[[微信扩展缓存注册完成]]]
[2020/09/22 10:03:15.1504]
[线程：1]
微信扩展缓存注册总用时：0.0032ms
扩展缓存：Senparc.Weixin.Cache.LocalContainerCacheStrategy

[[[系统日志]]]
[2020/09/22 10:03:15.1218]
[线程：1]
系统启动

[[[自动注册扩展缓存完成]]]
[2020/09/22 10:03:15.1163]
[线程：1]
注册总用时：2.8801ms
自动扫描程序集：0个
扩展缓存：

[[[自动注册扩展缓存完成]]]
[2020/09/22 10:06:31.5844]
[线程：1]
注册总用时：2.472ms
自动扫描程序集：0个
扩展缓存：

[[[系统日志]]]
[2020/09/22 10:06:31.5879]
[线程：1]
系统启动

[[[微信扩展缓存注册完成]]]
[2020/09/22 10:06:31.6116]
[线程：1]
微信扩展缓存注册总用时：0.0026ms
扩展缓存：Senparc.Weixin.Cache.LocalContainerCacheStrategy

[[[微信扩展缓存注册完成]]]
[2020/09/22 13:04:42.0760]
[线程：1]
微信扩展缓存注册总用时：0.0024ms
扩展缓存：Senparc.Weixin.Cache.LocalContainerCacheStrategy

[[[系统日志]]]
[2020/09/22 13:04:42.0610]
[线程：1]
系统启动

[[[自动注册扩展缓存完成]]]
[2020/09/22 13:04:42.0586]
[线程：1]
注册总用时：1.6395ms
自动扫描程序集：0个
扩展缓存：

[[[系统日志]]]
[2020/09/22 18:20:46.7479]
[线程：1]
系统启动

[[[微信扩展缓存注册完成]]]
[2020/09/22 18:20:46.7696]
[线程：1]
微信扩展缓存注册总用时：0.0024ms
扩展缓存：Senparc.Weixin.Cache.LocalContainerCacheStrategy

[[[自动注册扩展缓存完成]]]
[2020/09/22 18:20:46.7451]
[线程：1]
注册总用时：2.47ms
自动扫描程序集：0个
扩展缓存：

[[[自动注册扩展缓存完成]]]
[2020/09/22 18:27:49.8118]
[线程：1]
注册总用时：3.644ms
自动扫描程序集：0个
扩展缓存：

[[[微信扩展缓存注册完成]]]
[2020/09/22 18:27:49.8417]
[线程：1]
微信扩展缓存注册总用时：0.0036ms
扩展缓存：Senparc.Weixin.Cache.LocalContainerCacheStrategy

[[[系统日志]]]
[2020/09/22 18:27:49.8156]
[线程：1]
系统启动

