[[[自动注册扩展缓存完成]]]
[2020/12/04 11:50:58.0108]
[线程：1]
注册总用时：1.4509ms
自动扫描程序集：0个
扩展缓存：

[[[微信扩展缓存注册完成]]]
[2020/12/04 11:50:58.0290]
[线程：1]
微信扩展缓存注册总用时：0.0023ms
扩展缓存：Senparc.Weixin.Cache.LocalContainerCacheStrategy

[[[系统日志]]]
[2020/12/04 11:50:58.0135]
[线程：1]
系统启动

[[[系统日志]]]
[2020/12/04 13:19:02.8798]
[线程：1]
系统启动

[[[自动注册扩展缓存完成]]]
[2020/12/04 13:19:02.8771]
[线程：1]
注册总用时：1.5084ms
自动扫描程序集：0个
扩展缓存：

[[[微信扩展缓存注册完成]]]
[2020/12/04 13:19:02.8935]
[线程：1]
微信扩展缓存注册总用时：0.0021ms
扩展缓存：Senparc.Weixin.Cache.LocalContainerCacheStrategy

[[[微信扩展缓存注册完成]]]
[2020/12/04 13:40:14.0516]
[线程：1]
微信扩展缓存注册总用时：0.0018ms
扩展缓存：Senparc.Weixin.Cache.LocalContainerCacheStrategy

[[[系统日志]]]
[2020/12/04 13:40:14.0401]
[线程：1]
系统启动

[[[自动注册扩展缓存完成]]]
[2020/12/04 13:40:14.0383]
[线程：1]
注册总用时：1.1273ms
自动扫描程序集：0个
扩展缓存：

[[[自动注册扩展缓存完成]]]
[2020/12/04 13:46:06.4598]
[线程：1]
注册总用时：1.1634ms
自动扫描程序集：0个
扩展缓存：

[[[微信扩展缓存注册完成]]]
[2020/12/04 13:46:06.4738]
[线程：1]
微信扩展缓存注册总用时：0.0019ms
扩展缓存：Senparc.Weixin.Cache.LocalContainerCacheStrategy

[[[系统日志]]]
[2020/12/04 13:46:06.4619]
[线程：1]
系统启动

[[[系统日志]]]
[2020/12/04 14:13:55.7023]
[线程：1]
系统启动

[[[自动注册扩展缓存完成]]]
[2020/12/04 14:13:55.7005]
[线程：1]
注册总用时：1.1765ms
自动扫描程序集：0个
扩展缓存：

[[[微信扩展缓存注册完成]]]
[2020/12/04 14:13:55.7159]
[线程：1]
微信扩展缓存注册总用时：0.0023ms
扩展缓存：Senparc.Weixin.Cache.LocalContainerCacheStrategy

[[[自动注册扩展缓存完成]]]
[2020/12/04 18:40:09.2901]
[线程：1]
注册总用时：1.1516ms
自动扫描程序集：0个
扩展缓存：

[[[系统日志]]]
[2020/12/04 18:40:09.2925]
[线程：1]
系统启动

[[[微信扩展缓存注册完成]]]
[2020/12/04 18:40:09.3044]
[线程：1]
微信扩展缓存注册总用时：0.0022ms
扩展缓存：Senparc.Weixin.Cache.LocalContainerCacheStrategy

