[[[系统日志]]]
[2020/10/29 09:18:04.8194]
[线程：1]
系统启动

[[[自动注册扩展缓存完成]]]
[2020/10/29 09:18:04.8152]
[线程：1]
注册总用时：1.5483ms
自动扫描程序集：0个
扩展缓存：

[[[微信扩展缓存注册完成]]]
[2020/10/29 09:18:04.8356]
[线程：1]
微信扩展缓存注册总用时：0.0018ms
扩展缓存：Senparc.Weixin.Cache.LocalContainerCacheStrategy

[[[系统日志]]]
[2020/10/29 15:57:46.9184]
[线程：1]
系统启动

[[[自动注册扩展缓存完成]]]
[2020/10/29 15:57:46.9160]
[线程：1]
注册总用时：1.9344ms
自动扫描程序集：0个
扩展缓存：

[[[微信扩展缓存注册完成]]]
[2020/10/29 15:57:46.9336]
[线程：1]
微信扩展缓存注册总用时：0.0018ms
扩展缓存：Senparc.Weixin.Cache.LocalContainerCacheStrategy

[[[自动注册扩展缓存完成]]]
[2020/10/29 16:05:38.2961]
[线程：1]
注册总用时：1.6269ms
自动扫描程序集：0个
扩展缓存：

[[[微信扩展缓存注册完成]]]
[2020/10/29 16:05:38.3128]
[线程：1]
微信扩展缓存注册总用时：0.0021ms
扩展缓存：Senparc.Weixin.Cache.LocalContainerCacheStrategy

[[[系统日志]]]
[2020/10/29 16:05:38.2985]
[线程：1]
系统启动

[[[微信扩展缓存注册完成]]]
[2020/10/29 17:08:18.1149]
[线程：1]
微信扩展缓存注册总用时：0.0019ms
扩展缓存：Senparc.Weixin.Cache.LocalContainerCacheStrategy

[[[自动注册扩展缓存完成]]]
[2020/10/29 17:08:18.0970]
[线程：1]
注册总用时：2.0067ms
自动扫描程序集：0个
扩展缓存：

[[[系统日志]]]
[2020/10/29 17:08:18.0995]
[线程：1]
系统启动

[[[自动注册扩展缓存完成]]]
[2020/10/29 18:07:18.1567]
[线程：1]
注册总用时：2.9663ms
自动扫描程序集：0个
扩展缓存：

[[[系统日志]]]
[2020/10/29 18:07:18.1605]
[线程：1]
系统启动

[[[微信扩展缓存注册完成]]]
[2020/10/29 18:07:18.1964]
[线程：1]
微信扩展缓存注册总用时：0.0028ms
扩展缓存：Senparc.Weixin.Cache.LocalContainerCacheStrategy

[[[微信扩展缓存注册完成]]]
[2020/10/29 18:15:51.0273]
[线程：1]
微信扩展缓存注册总用时：0.0019ms
扩展缓存：Senparc.Weixin.Cache.LocalContainerCacheStrategy

[[[系统日志]]]
[2020/10/29 18:15:51.0113]
[线程：1]
系统启动

[[[自动注册扩展缓存完成]]]
[2020/10/29 18:15:51.0088]
[线程：1]
注册总用时：2.1021ms
自动扫描程序集：0个
扩展缓存：

[[[微信扩展缓存注册完成]]]
[2020/10/29 18:42:51.8955]
[线程：1]
微信扩展缓存注册总用时：0.0021ms
扩展缓存：Senparc.Weixin.Cache.LocalContainerCacheStrategy

[[[系统日志]]]
[2020/10/29 18:42:51.8783]
[线程：1]
系统启动

[[[自动注册扩展缓存完成]]]
[2020/10/29 18:42:51.8758]
[线程：1]
注册总用时：2.5998ms
自动扫描程序集：0个
扩展缓存：

