[[[系统日志]]]
[2020/12/09 09:29:30.7398]
[线程：1]
系统启动

[[[微信扩展缓存注册完成]]]
[2020/12/09 09:29:30.7523]
[线程：1]
微信扩展缓存注册总用时：0.002ms
扩展缓存：Senparc.Weixin.Cache.LocalContainerCacheStrategy

[[[自动注册扩展缓存完成]]]
[2020/12/09 09:29:30.7377]
[线程：1]
注册总用时：1.2049ms
自动扫描程序集：0个
扩展缓存：

[[[自动注册扩展缓存完成]]]
[2020/12/09 10:08:24.2297]
[线程：1]
注册总用时：1.2303ms
自动扫描程序集：0个
扩展缓存：

[[[微信扩展缓存注册完成]]]
[2020/12/09 10:08:24.2447]
[线程：1]
微信扩展缓存注册总用时：0.0023ms
扩展缓存：Senparc.Weixin.Cache.LocalContainerCacheStrategy

[[[系统日志]]]
[2020/12/09 10:08:24.2317]
[线程：1]
系统启动

[[[自动注册扩展缓存完成]]]
[2020/12/09 10:21:22.2909]
[线程：1]
注册总用时：1.1458ms
自动扫描程序集：0个
扩展缓存：

[[[系统日志]]]
[2020/12/09 10:21:22.2927]
[线程：1]
系统启动

[[[微信扩展缓存注册完成]]]
[2020/12/09 10:21:22.3045]
[线程：1]
微信扩展缓存注册总用时：0.0016ms
扩展缓存：Senparc.Weixin.Cache.LocalContainerCacheStrategy

[[[系统日志]]]
[2020/12/09 13:16:14.3325]
[线程：1]
系统启动

[[[自动注册扩展缓存完成]]]
[2020/12/09 13:16:14.3307]
[线程：1]
注册总用时：1.1593ms
自动扫描程序集：0个
扩展缓存：

[[[微信扩展缓存注册完成]]]
[2020/12/09 13:16:14.3447]
[线程：1]
微信扩展缓存注册总用时：0.002ms
扩展缓存：Senparc.Weixin.Cache.LocalContainerCacheStrategy

[[[微信扩展缓存注册完成]]]
[2020/12/09 13:46:49.0975]
[线程：1]
微信扩展缓存注册总用时：0.0021ms
扩展缓存：Senparc.Weixin.Cache.LocalContainerCacheStrategy

[[[系统日志]]]
[2020/12/09 13:46:49.0860]
[线程：1]
系统启动

[[[自动注册扩展缓存完成]]]
[2020/12/09 13:46:49.0842]
[线程：1]
注册总用时：1.1301ms
自动扫描程序集：0个
扩展缓存：

[[[微信扩展缓存注册完成]]]
[2020/12/09 13:54:17.4293]
[线程：1]
微信扩展缓存注册总用时：0.0016ms
扩展缓存：Senparc.Weixin.Cache.LocalContainerCacheStrategy

[[[自动注册扩展缓存完成]]]
[2020/12/09 13:54:17.4157]
[线程：1]
注册总用时：1.1781ms
自动扫描程序集：0个
扩展缓存：

[[[系统日志]]]
[2020/12/09 13:54:17.4177]
[线程：1]
系统启动

[[[系统日志]]]
[2020/12/09 14:12:06.0522]
[线程：1]
系统启动

[[[自动注册扩展缓存完成]]]
[2020/12/09 14:12:06.0500]
[线程：1]
注册总用时：1.6794ms
自动扫描程序集：0个
扩展缓存：

[[[微信扩展缓存注册完成]]]
[2020/12/09 14:12:06.0654]
[线程：1]
微信扩展缓存注册总用时：0.0021ms
扩展缓存：Senparc.Weixin.Cache.LocalContainerCacheStrategy

[[[微信扩展缓存注册完成]]]
[2020/12/09 15:04:24.3858]
[线程：1]
微信扩展缓存注册总用时：0.0014ms
扩展缓存：Senparc.Weixin.Cache.LocalContainerCacheStrategy

[[[自动注册扩展缓存完成]]]
[2020/12/09 15:04:24.3723]
[线程：1]
注册总用时：1.3146ms
自动扫描程序集：0个
扩展缓存：

[[[系统日志]]]
[2020/12/09 15:04:24.3742]
[线程：1]
系统启动

[[[自动注册扩展缓存完成]]]
[2020/12/09 16:06:28.9888]
[线程：1]
注册总用时：1.2413ms
自动扫描程序集：0个
扩展缓存：

[[[系统日志]]]
[2020/12/09 16:06:28.9907]
[线程：1]
系统启动

[[[微信扩展缓存注册完成]]]
[2020/12/09 16:06:29.0030]
[线程：1]
微信扩展缓存注册总用时：0.002ms
扩展缓存：Senparc.Weixin.Cache.LocalContainerCacheStrategy

[[[微信扩展缓存注册完成]]]
[2020/12/09 16:39:39.8963]
[线程：1]
微信扩展缓存注册总用时：0.0017ms
扩展缓存：Senparc.Weixin.Cache.LocalContainerCacheStrategy

[[[系统日志]]]
[2020/12/09 16:39:39.8850]
[线程：1]
系统启动

[[[自动注册扩展缓存完成]]]
[2020/12/09 16:39:39.8832]
[线程：1]
注册总用时：1.1288ms
自动扫描程序集：0个
扩展缓存：

[[[系统日志]]]
[2020/12/09 16:42:20.5480]
[线程：1]
系统启动

[[[自动注册扩展缓存完成]]]
[2020/12/09 16:42:20.5462]
[线程：1]
注册总用时：1.234ms
自动扫描程序集：0个
扩展缓存：

[[[微信扩展缓存注册完成]]]
[2020/12/09 16:42:20.5599]
[线程：1]
微信扩展缓存注册总用时：0.0018ms
扩展缓存：Senparc.Weixin.Cache.LocalContainerCacheStrategy

[[[微信扩展缓存注册完成]]]
[2020/12/09 16:47:16.6590]
[线程：1]
微信扩展缓存注册总用时：0.0019ms
扩展缓存：Senparc.Weixin.Cache.LocalContainerCacheStrategy

[[[自动注册扩展缓存完成]]]
[2020/12/09 16:47:16.6451]
[线程：1]
注册总用时：1.1416ms
自动扫描程序集：0个
扩展缓存：

[[[系统日志]]]
[2020/12/09 16:47:16.6469]
[线程：1]
系统启动

[[[自动注册扩展缓存完成]]]
[2020/12/09 16:51:56.7930]
[线程：1]
注册总用时：2.4675ms
自动扫描程序集：0个
扩展缓存：

[[[微信扩展缓存注册完成]]]
[2020/12/09 16:51:56.8260]
[线程：1]
微信扩展缓存注册总用时：0.0036ms
扩展缓存：Senparc.Weixin.Cache.LocalContainerCacheStrategy

[[[系统日志]]]
[2020/12/09 16:51:56.7972]
[线程：1]
系统启动

[[[自动注册扩展缓存完成]]]
[2020/12/09 16:58:45.9788]
[线程：1]
注册总用时：1.2757ms
自动扫描程序集：0个
扩展缓存：

[[[系统日志]]]
[2020/12/09 16:58:45.9809]
[线程：1]
系统启动

[[[微信扩展缓存注册完成]]]
[2020/12/09 16:58:45.9938]
[线程：1]
微信扩展缓存注册总用时：0.0019ms
扩展缓存：Senparc.Weixin.Cache.LocalContainerCacheStrategy

[[[系统日志]]]
[2020/12/09 17:34:01.6819]
[线程：1]
系统启动

[[[微信扩展缓存注册完成]]]
[2020/12/09 17:34:01.6939]
[线程：1]
微信扩展缓存注册总用时：0.0018ms
扩展缓存：Senparc.Weixin.Cache.LocalContainerCacheStrategy

[[[自动注册扩展缓存完成]]]
[2020/12/09 17:34:01.6801]
[线程：1]
注册总用时：1.1434ms
自动扫描程序集：0个
扩展缓存：

