[[[自动注册扩展缓存完成]]]
[2020/09/19 00:01:14.5652]
[线程：1]
注册总用时：1.8243ms
自动扫描程序集：0个
扩展缓存：

[[[微信扩展缓存注册完成]]]
[2020/09/19 00:01:14.5870]
[线程：1]
微信扩展缓存注册总用时：0.0035ms
扩展缓存：Senparc.Weixin.Cache.LocalContainerCacheStrategy

[[[系统日志]]]
[2020/09/19 00:01:14.5676]
[线程：1]
系统启动

[[[微信扩展缓存注册完成]]]
[2020/09/19 00:10:03.4352]
[线程：1]
微信扩展缓存注册总用时：0.0017ms
扩展缓存：Senparc.Weixin.Cache.LocalContainerCacheStrategy

[[[系统日志]]]
[2020/09/19 00:10:03.4214]
[线程：1]
系统启动

[[[自动注册扩展缓存完成]]]
[2020/09/19 00:10:03.4192]
[线程：1]
注册总用时：1.5053ms
自动扫描程序集：0个
扩展缓存：

[[[系统日志]]]
[2020/09/19 00:14:09.4703]
[线程：1]
系统启动

[[[自动注册扩展缓存完成]]]
[2020/09/19 00:14:09.4681]
[线程：1]
注册总用时：1.4978ms
自动扫描程序集：0个
扩展缓存：

[[[微信扩展缓存注册完成]]]
[2020/09/19 00:14:09.4841]
[线程：1]
微信扩展缓存注册总用时：0.0024ms
扩展缓存：Senparc.Weixin.Cache.LocalContainerCacheStrategy

[[[自动注册扩展缓存完成]]]
[2020/09/19 00:15:09.5060]
[线程：1]
注册总用时：1.6051ms
自动扫描程序集：0个
扩展缓存：

[[[微信扩展缓存注册完成]]]
[2020/09/19 00:15:09.5225]
[线程：1]
微信扩展缓存注册总用时：0.0021ms
扩展缓存：Senparc.Weixin.Cache.LocalContainerCacheStrategy

[[[系统日志]]]
[2020/09/19 00:15:09.5083]
[线程：1]
系统启动

[[[系统日志]]]
[2020/09/19 00:16:02.3217]
[线程：1]
系统启动

[[[微信扩展缓存注册完成]]]
[2020/09/19 00:16:02.3354]
[线程：1]
微信扩展缓存注册总用时：0.002ms
扩展缓存：Senparc.Weixin.Cache.LocalContainerCacheStrategy

[[[自动注册扩展缓存完成]]]
[2020/09/19 00:16:02.3195]
[线程：1]
注册总用时：1.5159ms
自动扫描程序集：0个
扩展缓存：

[[[自动注册扩展缓存完成]]]
[2020/09/19 08:12:06.4467]
[线程：1]
注册总用时：1.4507ms
自动扫描程序集：0个
扩展缓存：

[[[系统日志]]]
[2020/09/19 08:12:06.4490]
[线程：1]
系统启动

[[[微信扩展缓存注册完成]]]
[2020/09/19 08:12:06.4621]
[线程：1]
微信扩展缓存注册总用时：0.0015ms
扩展缓存：Senparc.Weixin.Cache.LocalContainerCacheStrategy

[[[微信扩展缓存注册完成]]]
[2020/09/19 08:25:43.4273]
[线程：1]
微信扩展缓存注册总用时：0.0022ms
扩展缓存：Senparc.Weixin.Cache.LocalContainerCacheStrategy

[[[自动注册扩展缓存完成]]]
[2020/09/19 08:25:43.4106]
[线程：1]
注册总用时：1.4818ms
自动扫描程序集：0个
扩展缓存：

[[[系统日志]]]
[2020/09/19 08:25:43.4130]
[线程：1]
系统启动

[[[微信扩展缓存注册完成]]]
[2020/09/19 08:36:08.0738]
[线程：1]
微信扩展缓存注册总用时：0.0019ms
扩展缓存：Senparc.Weixin.Cache.LocalContainerCacheStrategy

[[[系统日志]]]
[2020/09/19 08:36:08.0601]
[线程：1]
系统启动

[[[自动注册扩展缓存完成]]]
[2020/09/19 08:36:08.0578]
[线程：1]
注册总用时：1.5871ms
自动扫描程序集：0个
扩展缓存：

[[[微信扩展缓存注册完成]]]
[2020/09/19 08:37:25.2374]
[线程：1]
微信扩展缓存注册总用时：0.0021ms
扩展缓存：Senparc.Weixin.Cache.LocalContainerCacheStrategy

[[[系统日志]]]
[2020/09/19 08:37:25.2238]
[线程：1]
系统启动

[[[自动注册扩展缓存完成]]]
[2020/09/19 08:37:25.2214]
[线程：1]
注册总用时：1.4401ms
自动扫描程序集：0个
扩展缓存：

[[[系统日志]]]
[2020/09/19 09:09:36.2899]
[线程：1]
系统启动

[[[自动注册扩展缓存完成]]]
[2020/09/19 09:09:36.2877]
[线程：1]
注册总用时：1.4638ms
自动扫描程序集：0个
扩展缓存：

[[[微信扩展缓存注册完成]]]
[2020/09/19 09:09:36.3030]
[线程：1]
微信扩展缓存注册总用时：0.0022ms
扩展缓存：Senparc.Weixin.Cache.LocalContainerCacheStrategy

[[[微信扩展缓存注册完成]]]
[2020/09/19 09:23:07.0537]
[线程：1]
微信扩展缓存注册总用时：0.0015ms
扩展缓存：Senparc.Weixin.Cache.LocalContainerCacheStrategy

[[[系统日志]]]
[2020/09/19 09:23:07.0404]
[线程：1]
系统启动

[[[自动注册扩展缓存完成]]]
[2020/09/19 09:23:07.0382]
[线程：1]
注册总用时：1.4642ms
自动扫描程序集：0个
扩展缓存：

[[[自动注册扩展缓存完成]]]
[2020/09/19 09:50:36.4094]
[线程：1]
注册总用时：1.8753ms
自动扫描程序集：0个
扩展缓存：

[[[系统日志]]]
[2020/09/19 09:50:36.4116]
[线程：1]
系统启动

[[[微信扩展缓存注册完成]]]
[2020/09/19 09:50:36.4264]
[线程：1]
微信扩展缓存注册总用时：0.002ms
扩展缓存：Senparc.Weixin.Cache.LocalContainerCacheStrategy

[[[系统日志]]]
[2020/09/19 10:14:34.6216]
[线程：1]
系统启动

[[[微信扩展缓存注册完成]]]
[2020/09/19 10:14:34.6372]
[线程：1]
微信扩展缓存注册总用时：0.0018ms
扩展缓存：Senparc.Weixin.Cache.LocalContainerCacheStrategy

[[[自动注册扩展缓存完成]]]
[2020/09/19 10:14:34.6194]
[线程：1]
注册总用时：1.4941ms
自动扫描程序集：0个
扩展缓存：

[[[系统日志]]]
[2020/09/19 10:36:16.2398]
[线程：1]
系统启动

[[[微信扩展缓存注册完成]]]
[2020/09/19 10:36:16.2574]
[线程：1]
微信扩展缓存注册总用时：0.002ms
扩展缓存：Senparc.Weixin.Cache.LocalContainerCacheStrategy

[[[自动注册扩展缓存完成]]]
[2020/09/19 10:36:16.2364]
[线程：1]
注册总用时：1.5147ms
自动扫描程序集：0个
扩展缓存：

[[[微信扩展缓存注册完成]]]
[2020/09/19 10:50:11.1917]
[线程：1]
微信扩展缓存注册总用时：0.003ms
扩展缓存：Senparc.Weixin.Cache.LocalContainerCacheStrategy

[[[系统日志]]]
[2020/09/19 10:50:11.1772]
[线程：1]
系统启动

[[[自动注册扩展缓存完成]]]
[2020/09/19 10:50:11.1744]
[线程：1]
注册总用时：1.5488ms
自动扫描程序集：0个
扩展缓存：

[[[系统日志]]]
[2020/09/19 10:56:39.8386]
[线程：1]
系统启动

[[[自动注册扩展缓存完成]]]
[2020/09/19 10:56:39.8363]
[线程：1]
注册总用时：1.5124ms
自动扫描程序集：0个
扩展缓存：

[[[微信扩展缓存注册完成]]]
[2020/09/19 10:56:39.8541]
[线程：1]
微信扩展缓存注册总用时：0.0026ms
扩展缓存：Senparc.Weixin.Cache.LocalContainerCacheStrategy

[[[系统日志]]]
[2020/09/19 10:58:47.3914]
[线程：1]
系统启动

[[[微信扩展缓存注册完成]]]
[2020/09/19 10:58:47.4046]
[线程：1]
微信扩展缓存注册总用时：0.0022ms
扩展缓存：Senparc.Weixin.Cache.LocalContainerCacheStrategy

[[[自动注册扩展缓存完成]]]
[2020/09/19 10:58:47.3891]
[线程：1]
注册总用时：1.5946ms
自动扫描程序集：0个
扩展缓存：

[[[系统日志]]]
[2020/09/19 11:01:39.2264]
[线程：1]
系统启动

[[[微信扩展缓存注册完成]]]
[2020/09/19 11:01:39.2400]
[线程：1]
微信扩展缓存注册总用时：0.002ms
扩展缓存：Senparc.Weixin.Cache.LocalContainerCacheStrategy

[[[自动注册扩展缓存完成]]]
[2020/09/19 11:01:39.2241]
[线程：1]
注册总用时：1.4862ms
自动扫描程序集：0个
扩展缓存：

[[[系统日志]]]
[2020/09/19 11:05:06.2926]
[线程：1]
系统启动

[[[微信扩展缓存注册完成]]]
[2020/09/19 11:05:06.3087]
[线程：1]
微信扩展缓存注册总用时：0.0025ms
扩展缓存：Senparc.Weixin.Cache.LocalContainerCacheStrategy

[[[自动注册扩展缓存完成]]]
[2020/09/19 11:05:06.2895]
[线程：1]
注册总用时：1.9044ms
自动扫描程序集：0个
扩展缓存：

[[[自动注册扩展缓存完成]]]
[2020/09/19 11:15:22.0290]
[线程：1]
注册总用时：2.1699ms
自动扫描程序集：0个
扩展缓存：

[[[系统日志]]]
[2020/09/19 11:15:22.0314]
[线程：1]
系统启动

[[[微信扩展缓存注册完成]]]
[2020/09/19 11:15:22.0463]
[线程：1]
微信扩展缓存注册总用时：0.0022ms
扩展缓存：Senparc.Weixin.Cache.LocalContainerCacheStrategy

[[[自动注册扩展缓存完成]]]
[2020/09/19 11:18:55.3921]
[线程：1]
注册总用时：1.4836ms
自动扫描程序集：0个
扩展缓存：

[[[系统日志]]]
[2020/09/19 11:18:55.3943]
[线程：1]
系统启动

[[[微信扩展缓存注册完成]]]
[2020/09/19 11:18:55.4078]
[线程：1]
微信扩展缓存注册总用时：0.0021ms
扩展缓存：Senparc.Weixin.Cache.LocalContainerCacheStrategy

[[[微信扩展缓存注册完成]]]
[2020/09/19 18:38:27.2897]
[线程：1]
微信扩展缓存注册总用时：0.0026ms
扩展缓存：Senparc.Weixin.Cache.LocalContainerCacheStrategy

[[[自动注册扩展缓存完成]]]
[2020/09/19 18:38:27.2711]
[线程：1]
注册总用时：1.5739ms
自动扫描程序集：0个
扩展缓存：

[[[系统日志]]]
[2020/09/19 18:38:27.2739]
[线程：1]
系统启动

[[[自动注册扩展缓存完成]]]
[2020/09/19 18:49:47.2462]
[线程：1]
注册总用时：1.4711ms
自动扫描程序集：0个
扩展缓存：

[[[微信扩展缓存注册完成]]]
[2020/09/19 18:49:47.2625]
[线程：1]
微信扩展缓存注册总用时：0.0021ms
扩展缓存：Senparc.Weixin.Cache.LocalContainerCacheStrategy

[[[系统日志]]]
[2020/09/19 18:49:47.2485]
[线程：1]
系统启动

[[[微信扩展缓存注册完成]]]
[2020/09/19 18:51:04.7618]
[线程：1]
微信扩展缓存注册总用时：0.0023ms
扩展缓存：Senparc.Weixin.Cache.LocalContainerCacheStrategy

[[[自动注册扩展缓存完成]]]
[2020/09/19 18:51:04.7457]
[线程：1]
注册总用时：1.4768ms
自动扫描程序集：0个
扩展缓存：

[[[系统日志]]]
[2020/09/19 18:51:04.7479]
[线程：1]
系统启动

[[[微信扩展缓存注册完成]]]
[2020/09/19 19:24:01.9885]
[线程：1]
微信扩展缓存注册总用时：0.0019ms
扩展缓存：Senparc.Weixin.Cache.LocalContainerCacheStrategy

[[[自动注册扩展缓存完成]]]
[2020/09/19 19:24:01.9724]
[线程：1]
注册总用时：1.4768ms
自动扫描程序集：0个
扩展缓存：

[[[系统日志]]]
[2020/09/19 19:24:01.9747]
[线程：1]
系统启动

[[[微信扩展缓存注册完成]]]
[2020/09/19 19:35:49.4831]
[线程：1]
微信扩展缓存注册总用时：0.0027ms
扩展缓存：Senparc.Weixin.Cache.LocalContainerCacheStrategy

[[[系统日志]]]
[2020/09/19 19:35:49.4658]
[线程：1]
系统启动

[[[自动注册扩展缓存完成]]]
[2020/09/19 19:35:49.4635]
[线程：1]
注册总用时：1.7676ms
自动扫描程序集：0个
扩展缓存：

[[[系统日志]]]
[2020/09/19 19:41:16.5577]
[线程：1]
系统启动

[[[微信扩展缓存注册完成]]]
[2020/09/19 19:41:16.5768]
[线程：1]
微信扩展缓存注册总用时：0.0022ms
扩展缓存：Senparc.Weixin.Cache.LocalContainerCacheStrategy

[[[自动注册扩展缓存完成]]]
[2020/09/19 19:41:16.5554]
[线程：1]
注册总用时：1.5773ms
自动扫描程序集：0个
扩展缓存：

[[[系统日志]]]
[2020/09/19 22:50:15.0643]
[线程：1]
系统启动

[[[微信扩展缓存注册完成]]]
[2020/09/19 22:50:15.0831]
[线程：1]
微信扩展缓存注册总用时：0.0028ms
扩展缓存：Senparc.Weixin.Cache.LocalContainerCacheStrategy

[[[自动注册扩展缓存完成]]]
[2020/09/19 22:50:15.0608]
[线程：1]
注册总用时：1.8964ms
自动扫描程序集：0个
扩展缓存：

[[[自动注册扩展缓存完成]]]
[2020/09/19 23:17:18.7186]
[线程：1]
注册总用时：1.4753ms
自动扫描程序集：0个
扩展缓存：

[[[微信扩展缓存注册完成]]]
[2020/09/19 23:17:18.7343]
[线程：1]
微信扩展缓存注册总用时：0.002ms
扩展缓存：Senparc.Weixin.Cache.LocalContainerCacheStrategy

[[[系统日志]]]
[2020/09/19 23:17:18.7210]
[线程：1]
系统启动

[[[微信扩展缓存注册完成]]]
[2020/09/19 23:19:13.5182]
[线程：1]
微信扩展缓存注册总用时：0.0024ms
扩展缓存：Senparc.Weixin.Cache.LocalContainerCacheStrategy

[[[系统日志]]]
[2020/09/19 23:19:13.5039]
[线程：1]
系统启动

[[[自动注册扩展缓存完成]]]
[2020/09/19 23:19:13.5016]
[线程：1]
注册总用时：1.5306ms
自动扫描程序集：0个
扩展缓存：

[[[系统日志]]]
[2020/09/19 23:22:47.6902]
[线程：1]
系统启动

[[[自动注册扩展缓存完成]]]
[2020/09/19 23:22:47.6879]
[线程：1]
注册总用时：1.6335ms
自动扫描程序集：0个
扩展缓存：

[[[微信扩展缓存注册完成]]]
[2020/09/19 23:22:47.7038]
[线程：1]
微信扩展缓存注册总用时：0.0027ms
扩展缓存：Senparc.Weixin.Cache.LocalContainerCacheStrategy

