[[[微信扩展缓存注册完成]]]
[2020/09/21 17:02:31.7718]
[线程：1]
微信扩展缓存注册总用时：0.0041ms
扩展缓存：Senparc.Weixin.Cache.LocalContainerCacheStrategy

[[[系统日志]]]
[2020/09/21 17:02:31.7403]
[线程：1]
系统启动

[[[自动注册扩展缓存完成]]]
[2020/09/21 17:02:31.7354]
[线程：1]
注册总用时：2.6155ms
自动扫描程序集：0个
扩展缓存：

[[[微信扩展缓存注册完成]]]
[2020/09/21 18:05:14.5579]
[线程：1]
微信扩展缓存注册总用时：0.0024ms
扩展缓存：Senparc.Weixin.Cache.LocalContainerCacheStrategy

[[[自动注册扩展缓存完成]]]
[2020/09/21 18:05:14.5404]
[线程：1]
注册总用时：1.6373ms
自动扫描程序集：0个
扩展缓存：

[[[系统日志]]]
[2020/09/21 18:05:14.5429]
[线程：1]
系统启动

