[[[微信扩展缓存注册完成]]]
[2020/12/10 13:19:27.6147]
[线程：1]
微信扩展缓存注册总用时：0.0021ms
扩展缓存：Senparc.Weixin.Cache.LocalContainerCacheStrategy

[[[系统日志]]]
[2020/12/10 13:19:27.5991]
[线程：1]
系统启动

[[[自动注册扩展缓存完成]]]
[2020/12/10 13:19:27.5969]
[线程：1]
注册总用时：1.2016ms
自动扫描程序集：0个
扩展缓存：

[[[自动注册扩展缓存完成]]]
[2020/12/10 14:28:01.3527]
[线程：1]
注册总用时：1.1254ms
自动扫描程序集：0个
扩展缓存：

[[[系统日志]]]
[2020/12/10 14:28:01.3546]
[线程：1]
系统启动

[[[微信扩展缓存注册完成]]]
[2020/12/10 14:28:01.3661]
[线程：1]
微信扩展缓存注册总用时：0.0024ms
扩展缓存：Senparc.Weixin.Cache.LocalContainerCacheStrategy

[[[系统日志]]]
[2020/12/10 15:00:31.2077]
[线程：1]
系统启动

[[[自动注册扩展缓存完成]]]
[2020/12/10 15:00:31.2059]
[线程：1]
注册总用时：1.1126ms
自动扫描程序集：0个
扩展缓存：

[[[微信扩展缓存注册完成]]]
[2020/12/10 15:00:31.2194]
[线程：1]
微信扩展缓存注册总用时：0.0019ms
扩展缓存：Senparc.Weixin.Cache.LocalContainerCacheStrategy

[[[微信扩展缓存注册完成]]]
[2020/12/10 17:43:23.3409]
[线程：1]
微信扩展缓存注册总用时：0.0019ms
扩展缓存：Senparc.Weixin.Cache.LocalContainerCacheStrategy

[[[系统日志]]]
[2020/12/10 17:43:23.3282]
[线程：1]
系统启动

[[[自动注册扩展缓存完成]]]
[2020/12/10 17:43:23.3263]
[线程：1]
注册总用时：1.1586ms
自动扫描程序集：0个
扩展缓存：

