[[[系统日志]]]
[2020/09/18 21:12:08.3704]
[线程：1]
系统启动

[[[自动注册扩展缓存完成]]]
[2020/09/18 21:12:08.3681]
[线程：1]
注册总用时：1.4993ms
自动扫描程序集：0个
扩展缓存：

[[[微信扩展缓存注册完成]]]
[2020/09/18 21:12:08.3843]
[线程：1]
微信扩展缓存注册总用时：0.0026ms
扩展缓存：Senparc.Weixin.Cache.LocalContainerCacheStrategy

[[[自动注册扩展缓存完成]]]
[2020/09/18 21:16:13.4372]
[线程：1]
注册总用时：1.4874ms
自动扫描程序集：0个
扩展缓存：

[[[系统日志]]]
[2020/09/18 21:16:13.4395]
[线程：1]
系统启动

[[[微信扩展缓存注册完成]]]
[2020/09/18 21:16:13.4529]
[线程：1]
微信扩展缓存注册总用时：0.0022ms
扩展缓存：Senparc.Weixin.Cache.LocalContainerCacheStrategy

[[[微信扩展缓存注册完成]]]
[2020/09/18 21:17:03.6733]
[线程：1]
微信扩展缓存注册总用时：0.0024ms
扩展缓存：Senparc.Weixin.Cache.LocalContainerCacheStrategy

[[[自动注册扩展缓存完成]]]
[2020/09/18 21:17:03.6486]
[线程：1]
注册总用时：2.2907ms
自动扫描程序集：0个
扩展缓存：

[[[系统日志]]]
[2020/09/18 21:17:03.6521]
[线程：1]
系统启动

[[[系统日志]]]
[2020/09/18 21:18:48.6493]
[线程：1]
系统启动

[[[自动注册扩展缓存完成]]]
[2020/09/18 21:18:48.6470]
[线程：1]
注册总用时：1.5553ms
自动扫描程序集：0个
扩展缓存：

[[[微信扩展缓存注册完成]]]
[2020/09/18 21:18:48.6628]
[线程：1]
微信扩展缓存注册总用时：0.0019ms
扩展缓存：Senparc.Weixin.Cache.LocalContainerCacheStrategy

[[[自动注册扩展缓存完成]]]
[2020/09/18 21:42:38.0416]
[线程：1]
注册总用时：1.855ms
自动扫描程序集：0个
扩展缓存：

[[[系统日志]]]
[2020/09/18 21:42:38.0440]
[线程：1]
系统启动

[[[微信扩展缓存注册完成]]]
[2020/09/18 21:42:38.0607]
[线程：1]
微信扩展缓存注册总用时：0.0028ms
扩展缓存：Senparc.Weixin.Cache.LocalContainerCacheStrategy

[[[系统日志]]]
[2020/09/18 22:15:13.8235]
[线程：1]
系统启动

[[[微信扩展缓存注册完成]]]
[2020/09/18 22:15:13.8456]
[线程：1]
微信扩展缓存注册总用时：0.0031ms
扩展缓存：Senparc.Weixin.Cache.LocalContainerCacheStrategy

[[[自动注册扩展缓存完成]]]
[2020/09/18 22:15:13.8209]
[线程：1]
注册总用时：1.9819ms
自动扫描程序集：0个
扩展缓存：

[[[微信扩展缓存注册完成]]]
[2020/09/18 22:34:13.3659]
[线程：1]
微信扩展缓存注册总用时：0.0024ms
扩展缓存：Senparc.Weixin.Cache.LocalContainerCacheStrategy

[[[系统日志]]]
[2020/09/18 22:34:13.3526]
[线程：1]
系统启动

[[[自动注册扩展缓存完成]]]
[2020/09/18 22:34:13.3503]
[线程：1]
注册总用时：1.4709ms
自动扫描程序集：0个
扩展缓存：

[[[微信扩展缓存注册完成]]]
[2020/09/18 23:05:28.9805]
[线程：1]
微信扩展缓存注册总用时：0.0022ms
扩展缓存：Senparc.Weixin.Cache.LocalContainerCacheStrategy

[[[自动注册扩展缓存完成]]]
[2020/09/18 23:05:28.9650]
[线程：1]
注册总用时：1.4832ms
自动扫描程序集：0个
扩展缓存：

[[[系统日志]]]
[2020/09/18 23:05:28.9672]
[线程：1]
系统启动

[[[微信扩展缓存注册完成]]]
[2020/09/18 23:29:39.6916]
[线程：1]
微信扩展缓存注册总用时：0.0023ms
扩展缓存：Senparc.Weixin.Cache.LocalContainerCacheStrategy

[[[系统日志]]]
[2020/09/18 23:29:39.6780]
[线程：1]
系统启动

[[[自动注册扩展缓存完成]]]
[2020/09/18 23:29:39.6754]
[线程：1]
注册总用时：1.4938ms
自动扫描程序集：0个
扩展缓存：

[[[系统日志]]]
[2020/09/18 23:31:59.0191]
[线程：1]
系统启动

[[[自动注册扩展缓存完成]]]
[2020/09/18 23:31:59.0166]
[线程：1]
注册总用时：1.6199ms
自动扫描程序集：0个
扩展缓存：

[[[微信扩展缓存注册完成]]]
[2020/09/18 23:31:59.0340]
[线程：1]
微信扩展缓存注册总用时：0.0021ms
扩展缓存：Senparc.Weixin.Cache.LocalContainerCacheStrategy

[[[系统日志]]]
[2020/09/18 23:38:09.6412]
[线程：1]
系统启动

[[[微信扩展缓存注册完成]]]
[2020/09/18 23:38:09.6549]
[线程：1]
微信扩展缓存注册总用时：0.0023ms
扩展缓存：Senparc.Weixin.Cache.LocalContainerCacheStrategy

[[[自动注册扩展缓存完成]]]
[2020/09/18 23:38:09.6389]
[线程：1]
注册总用时：1.5494ms
自动扫描程序集：0个
扩展缓存：

