[[[自动注册扩展缓存完成]]]
[2020/09/14 11:23:07.3049]
[线程：1]
注册总用时：2.8027ms
自动扫描程序集：0个
扩展缓存：

[[[系统日志]]]
[2020/09/14 11:23:07.3092]
[线程：1]
系统启动

[[[微信扩展缓存注册完成]]]
[2020/09/14 11:23:07.3264]
[线程：1]
微信扩展缓存注册总用时：0.0022ms
扩展缓存：Senparc.Weixin.Cache.LocalContainerCacheStrategy

[[[微信扩展缓存注册完成]]]
[2020/09/14 11:43:44.1830]
[线程：1]
微信扩展缓存注册总用时：0.0024ms
扩展缓存：Senparc.Weixin.Cache.LocalContainerCacheStrategy

[[[自动注册扩展缓存完成]]]
[2020/09/14 11:43:44.1664]
[线程：1]
注册总用时：1.6077ms
自动扫描程序集：0个
扩展缓存：

[[[系统日志]]]
[2020/09/14 11:43:44.1687]
[线程：1]
系统启动

[[[微信扩展缓存注册完成]]]
[2020/09/14 13:21:16.3421]
[线程：1]
微信扩展缓存注册总用时：0.0031ms
扩展缓存：Senparc.Weixin.Cache.LocalContainerCacheStrategy

[[[自动注册扩展缓存完成]]]
[2020/09/14 13:21:16.3165]
[线程：1]
注册总用时：2.5597ms
自动扫描程序集：0个
扩展缓存：

[[[系统日志]]]
[2020/09/14 13:21:16.3206]
[线程：1]
系统启动

[[[自动注册扩展缓存完成]]]
[2020/09/14 17:56:01.7443]
[线程：1]
注册总用时：1.5873ms
自动扫描程序集：0个
扩展缓存：

[[[微信扩展缓存注册完成]]]
[2020/09/14 17:56:01.7627]
[线程：1]
微信扩展缓存注册总用时：0.0021ms
扩展缓存：Senparc.Weixin.Cache.LocalContainerCacheStrategy

[[[系统日志]]]
[2020/09/14 17:56:01.7468]
[线程：1]
系统启动

