[[[系统日志]]]
[2020/09/13 14:38:51.4748]
[线程：1]
系统启动

[[[自动注册扩展缓存完成]]]
[2020/09/13 14:38:51.4716]
[线程：1]
注册总用时：3.4894ms
自动扫描程序集：0个
扩展缓存：

[[[微信扩展缓存注册完成]]]
[2020/09/13 14:38:51.4939]
[线程：1]
微信扩展缓存注册总用时：0.0027ms
扩展缓存：Senparc.Weixin.Cache.LocalContainerCacheStrategy

[[[微信扩展缓存注册完成]]]
[2020/09/13 14:40:23.0409]
[线程：1]
微信扩展缓存注册总用时：0.0023ms
扩展缓存：Senparc.Weixin.Cache.LocalContainerCacheStrategy

[[[自动注册扩展缓存完成]]]
[2020/09/13 14:40:23.0244]
[线程：1]
注册总用时：1.5024ms
自动扫描程序集：0个
扩展缓存：

[[[系统日志]]]
[2020/09/13 14:40:23.0269]
[线程：1]
系统启动

[[[微信扩展缓存注册完成]]]
[2020/09/13 15:45:39.4671]
[线程：1]
微信扩展缓存注册总用时：0.0023ms
扩展缓存：Senparc.Weixin.Cache.LocalContainerCacheStrategy

[[[自动注册扩展缓存完成]]]
[2020/09/13 15:45:39.4431]
[线程：1]
注册总用时：1.9127ms
自动扫描程序集：0个
扩展缓存：

[[[系统日志]]]
[2020/09/13 15:45:39.4465]
[线程：1]
系统启动

[[[自动注册扩展缓存完成]]]
[2020/09/13 15:46:27.1231]
[线程：1]
注册总用时：1.5196ms
自动扫描程序集：0个
扩展缓存：

[[[微信扩展缓存注册完成]]]
[2020/09/13 15:46:27.1405]
[线程：1]
微信扩展缓存注册总用时：0.002ms
扩展缓存：Senparc.Weixin.Cache.LocalContainerCacheStrategy

[[[系统日志]]]
[2020/09/13 15:46:27.1256]
[线程：1]
系统启动

[[[系统日志]]]
[2020/09/13 16:23:53.8183]
[线程：1]
系统启动

[[[自动注册扩展缓存完成]]]
[2020/09/13 16:23:53.8158]
[线程：1]
注册总用时：1.8524ms
自动扫描程序集：0个
扩展缓存：

[[[微信扩展缓存注册完成]]]
[2020/09/13 16:23:53.8349]
[线程：1]
微信扩展缓存注册总用时：0.0027ms
扩展缓存：Senparc.Weixin.Cache.LocalContainerCacheStrategy

[[[微信扩展缓存注册完成]]]
[2020/09/13 16:28:53.9514]
[线程：1]
微信扩展缓存注册总用时：0.0021ms
扩展缓存：Senparc.Weixin.Cache.LocalContainerCacheStrategy

[[[自动注册扩展缓存完成]]]
[2020/09/13 16:28:53.9346]
[线程：1]
注册总用时：1.5583ms
自动扫描程序集：0个
扩展缓存：

[[[系统日志]]]
[2020/09/13 16:28:53.9369]
[线程：1]
系统启动

[[[系统日志]]]
[2020/09/13 16:34:45.9738]
[线程：1]
系统启动

[[[自动注册扩展缓存完成]]]
[2020/09/13 16:34:45.9714]
[线程：1]
注册总用时：1.5281ms
自动扫描程序集：0个
扩展缓存：

[[[微信扩展缓存注册完成]]]
[2020/09/13 16:34:45.9901]
[线程：1]
微信扩展缓存注册总用时：0.0018ms
扩展缓存：Senparc.Weixin.Cache.LocalContainerCacheStrategy

[[[自动注册扩展缓存完成]]]
[2020/09/13 16:38:24.9877]
[线程：1]
注册总用时：1.5565ms
自动扫描程序集：0个
扩展缓存：

[[[系统日志]]]
[2020/09/13 16:38:24.9902]
[线程：1]
系统启动

[[[微信扩展缓存注册完成]]]
[2020/09/13 16:38:25.0054]
[线程：1]
微信扩展缓存注册总用时：0.0026ms
扩展缓存：Senparc.Weixin.Cache.LocalContainerCacheStrategy

[[[微信扩展缓存注册完成]]]
[2020/09/13 16:45:22.5305]
[线程：1]
微信扩展缓存注册总用时：0.0021ms
扩展缓存：Senparc.Weixin.Cache.LocalContainerCacheStrategy

[[[自动注册扩展缓存完成]]]
[2020/09/13 16:45:22.5110]
[线程：1]
注册总用时：1.7281ms
自动扫描程序集：0个
扩展缓存：

[[[系统日志]]]
[2020/09/13 16:45:22.5138]
[线程：1]
系统启动

[[[系统日志]]]
[2020/09/13 16:49:10.6690]
[线程：1]
系统启动

[[[自动注册扩展缓存完成]]]
[2020/09/13 16:49:10.6664]
[线程：1]
注册总用时：2.2308ms
自动扫描程序集：0个
扩展缓存：

[[[微信扩展缓存注册完成]]]
[2020/09/13 16:49:10.6842]
[线程：1]
微信扩展缓存注册总用时：0.002ms
扩展缓存：Senparc.Weixin.Cache.LocalContainerCacheStrategy

[[[微信扩展缓存注册完成]]]
[2020/09/13 16:53:19.5653]
[线程：1]
微信扩展缓存注册总用时：0.0022ms
扩展缓存：Senparc.Weixin.Cache.LocalContainerCacheStrategy

[[[自动注册扩展缓存完成]]]
[2020/09/13 16:53:19.5462]
[线程：1]
注册总用时：1.6486ms
自动扫描程序集：0个
扩展缓存：

[[[系统日志]]]
[2020/09/13 16:53:19.5486]
[线程：1]
系统启动

[[[系统日志]]]
[2020/09/13 17:31:04.8501]
[线程：1]
系统启动

[[[自动注册扩展缓存完成]]]
[2020/09/13 17:31:04.8476]
[线程：1]
注册总用时：1.7836ms
自动扫描程序集：0个
扩展缓存：

[[[微信扩展缓存注册完成]]]
[2020/09/13 17:31:04.8706]
[线程：1]
微信扩展缓存注册总用时：0.0034ms
扩展缓存：Senparc.Weixin.Cache.LocalContainerCacheStrategy

[[[自动注册扩展缓存完成]]]
[2020/09/13 17:33:22.8228]
[线程：1]
注册总用时：2.0372ms
自动扫描程序集：0个
扩展缓存：

[[[系统日志]]]
[2020/09/13 17:33:22.8255]
[线程：1]
系统启动

[[[微信扩展缓存注册完成]]]
[2020/09/13 17:33:22.8417]
[线程：1]
微信扩展缓存注册总用时：0.0024ms
扩展缓存：Senparc.Weixin.Cache.LocalContainerCacheStrategy

[[[微信扩展缓存注册完成]]]
[2020/09/13 17:35:51.7092]
[线程：1]
微信扩展缓存注册总用时：0.0022ms
扩展缓存：Senparc.Weixin.Cache.LocalContainerCacheStrategy

[[[自动注册扩展缓存完成]]]
[2020/09/13 17:35:51.6907]
[线程：1]
注册总用时：2.0991ms
自动扫描程序集：0个
扩展缓存：

[[[系统日志]]]
[2020/09/13 17:35:51.6931]
[线程：1]
系统启动

[[[自动注册扩展缓存完成]]]
[2020/09/13 17:38:45.2892]
[线程：1]
注册总用时：1.7766ms
自动扫描程序集：0个
扩展缓存：

[[[系统日志]]]
[2020/09/13 17:38:45.2918]
[线程：1]
系统启动

[[[微信扩展缓存注册完成]]]
[2020/09/13 17:38:45.3079]
[线程：1]
微信扩展缓存注册总用时：0.0026ms
扩展缓存：Senparc.Weixin.Cache.LocalContainerCacheStrategy

[[[自动注册扩展缓存完成]]]
[2020/09/13 17:42:27.9718]
[线程：1]
注册总用时：2.2732ms
自动扫描程序集：0个
扩展缓存：

[[[系统日志]]]
[2020/09/13 17:42:27.9747]
[线程：1]
系统启动

[[[微信扩展缓存注册完成]]]
[2020/09/13 17:42:27.9929]
[线程：1]
微信扩展缓存注册总用时：0.0029ms
扩展缓存：Senparc.Weixin.Cache.LocalContainerCacheStrategy

[[[自动注册扩展缓存完成]]]
[2020/09/13 17:58:09.5552]
[线程：1]
注册总用时：2.3577ms
自动扫描程序集：0个
扩展缓存：

[[[微信扩展缓存注册完成]]]
[2020/09/13 17:58:09.5774]
[线程：1]
微信扩展缓存注册总用时：0.0026ms
扩展缓存：Senparc.Weixin.Cache.LocalContainerCacheStrategy

[[[系统日志]]]
[2020/09/13 17:58:09.5576]
[线程：1]
系统启动

[[[自动注册扩展缓存完成]]]
[2020/09/13 18:03:36.6686]
[线程：1]
注册总用时：1.5873ms
自动扫描程序集：0个
扩展缓存：

[[[微信扩展缓存注册完成]]]
[2020/09/13 18:03:36.6891]
[线程：1]
微信扩展缓存注册总用时：0.0023ms
扩展缓存：Senparc.Weixin.Cache.LocalContainerCacheStrategy

[[[系统日志]]]
[2020/09/13 18:03:36.6718]
[线程：1]
系统启动

