[[[自动注册扩展缓存完成]]]
[2020/09/20 08:08:58.3204]
[线程：1]
注册总用时：2.0268ms
自动扫描程序集：0个
扩展缓存：

[[[系统日志]]]
[2020/09/20 08:08:58.3238]
[线程：1]
系统启动

[[[微信扩展缓存注册完成]]]
[2020/09/20 08:08:58.3393]
[线程：1]
微信扩展缓存注册总用时：0.0023ms
扩展缓存：Senparc.Weixin.Cache.LocalContainerCacheStrategy

[[[微信扩展缓存注册完成]]]
[2020/09/20 08:14:33.9186]
[线程：1]
微信扩展缓存注册总用时：0.0024ms
扩展缓存：Senparc.Weixin.Cache.LocalContainerCacheStrategy

[[[系统日志]]]
[2020/09/20 08:14:33.9051]
[线程：1]
系统启动

[[[自动注册扩展缓存完成]]]
[2020/09/20 08:14:33.9029]
[线程：1]
注册总用时：1.4954ms
自动扫描程序集：0个
扩展缓存：

[[[微信扩展缓存注册完成]]]
[2020/09/20 09:23:27.3900]
[线程：1]
微信扩展缓存注册总用时：0.0024ms
扩展缓存：Senparc.Weixin.Cache.LocalContainerCacheStrategy

[[[自动注册扩展缓存完成]]]
[2020/09/20 09:23:27.3747]
[线程：1]
注册总用时：1.4853ms
自动扫描程序集：0个
扩展缓存：

[[[系统日志]]]
[2020/09/20 09:23:27.3769]
[线程：1]
系统启动

[[[自动注册扩展缓存完成]]]
[2020/09/20 09:27:05.1489]
[线程：1]
注册总用时：1.5009ms
自动扫描程序集：0个
扩展缓存：

[[[系统日志]]]
[2020/09/20 09:27:05.1512]
[线程：1]
系统启动

[[[微信扩展缓存注册完成]]]
[2020/09/20 09:27:05.1684]
[线程：1]
微信扩展缓存注册总用时：0.0023ms
扩展缓存：Senparc.Weixin.Cache.LocalContainerCacheStrategy

[[[系统日志]]]
[2020/09/20 09:29:10.1795]
[线程：1]
系统启动

[[[自动注册扩展缓存完成]]]
[2020/09/20 09:29:10.1772]
[线程：1]
注册总用时：1.8004ms
自动扫描程序集：0个
扩展缓存：

[[[微信扩展缓存注册完成]]]
[2020/09/20 09:29:10.1930]
[线程：1]
微信扩展缓存注册总用时：0.0026ms
扩展缓存：Senparc.Weixin.Cache.LocalContainerCacheStrategy

[[[自动注册扩展缓存完成]]]
[2020/09/20 09:31:30.5110]
[线程：1]
注册总用时：1.7167ms
自动扫描程序集：0个
扩展缓存：

[[[微信扩展缓存注册完成]]]
[2020/09/20 09:31:30.5269]
[线程：1]
微信扩展缓存注册总用时：0.0021ms
扩展缓存：Senparc.Weixin.Cache.LocalContainerCacheStrategy

[[[系统日志]]]
[2020/09/20 09:31:30.5134]
[线程：1]
系统启动

[[[系统日志]]]
[2020/09/20 13:56:57.3222]
[线程：1]
系统启动

[[[微信扩展缓存注册完成]]]
[2020/09/20 13:56:57.3385]
[线程：1]
微信扩展缓存注册总用时：0.0025ms
扩展缓存：Senparc.Weixin.Cache.LocalContainerCacheStrategy

[[[自动注册扩展缓存完成]]]
[2020/09/20 13:56:57.3189]
[线程：1]
注册总用时：4.1259ms
自动扫描程序集：0个
扩展缓存：

[[[微信扩展缓存注册完成]]]
[2020/09/20 14:06:36.5521]
[线程：1]
微信扩展缓存注册总用时：0.004ms
扩展缓存：Senparc.Weixin.Cache.LocalContainerCacheStrategy

[[[自动注册扩展缓存完成]]]
[2020/09/20 14:06:36.5347]
[线程：1]
注册总用时：1.4958ms
自动扫描程序集：0个
扩展缓存：

[[[系统日志]]]
[2020/09/20 14:06:36.5370]
[线程：1]
系统启动

[[[微信扩展缓存注册完成]]]
[2020/09/20 14:07:27.4854]
[线程：1]
微信扩展缓存注册总用时：0.0023ms
扩展缓存：Senparc.Weixin.Cache.LocalContainerCacheStrategy

[[[自动注册扩展缓存完成]]]
[2020/09/20 14:07:27.4674]
[线程：1]
注册总用时：1.5951ms
自动扫描程序集：0个
扩展缓存：

[[[系统日志]]]
[2020/09/20 14:07:27.4699]
[线程：1]
系统启动

[[[自动注册扩展缓存完成]]]
[2020/09/20 14:10:24.1781]
[线程：1]
注册总用时：2.2627ms
自动扫描程序集：0个
扩展缓存：

[[[微信扩展缓存注册完成]]]
[2020/09/20 14:10:24.2039]
[线程：1]
微信扩展缓存注册总用时：0.0039ms
扩展缓存：Senparc.Weixin.Cache.LocalContainerCacheStrategy

[[[系统日志]]]
[2020/09/20 14:10:24.1815]
[线程：1]
系统启动

[[[微信扩展缓存注册完成]]]
[2020/09/20 14:16:35.3515]
[线程：1]
微信扩展缓存注册总用时：0.0022ms
扩展缓存：Senparc.Weixin.Cache.LocalContainerCacheStrategy

[[[自动注册扩展缓存完成]]]
[2020/09/20 14:16:35.3342]
[线程：1]
注册总用时：1.5307ms
自动扫描程序集：0个
扩展缓存：

[[[系统日志]]]
[2020/09/20 14:16:35.3372]
[线程：1]
系统启动

[[[系统日志]]]
[2020/09/20 14:20:01.9448]
[线程：1]
系统启动

[[[自动注册扩展缓存完成]]]
[2020/09/20 14:20:01.9424]
[线程：1]
注册总用时：1.5255ms
自动扫描程序集：0个
扩展缓存：

[[[微信扩展缓存注册完成]]]
[2020/09/20 14:20:01.9595]
[线程：1]
微信扩展缓存注册总用时：0.0017ms
扩展缓存：Senparc.Weixin.Cache.LocalContainerCacheStrategy

[[[系统日志]]]
[2020/09/20 15:10:21.8870]
[线程：1]
系统启动

[[[自动注册扩展缓存完成]]]
[2020/09/20 15:10:21.8836]
[线程：1]
注册总用时：2.2546ms
自动扫描程序集：0个
扩展缓存：

[[[微信扩展缓存注册完成]]]
[2020/09/20 15:10:21.9055]
[线程：1]
微信扩展缓存注册总用时：0.0023ms
扩展缓存：Senparc.Weixin.Cache.LocalContainerCacheStrategy

[[[微信扩展缓存注册完成]]]
[2020/09/20 19:31:56.3535]
[线程：1]
微信扩展缓存注册总用时：0.0021ms
扩展缓存：Senparc.Weixin.Cache.LocalContainerCacheStrategy

[[[系统日志]]]
[2020/09/20 19:31:56.3383]
[线程：1]
系统启动

[[[自动注册扩展缓存完成]]]
[2020/09/20 19:31:56.3360]
[线程：1]
注册总用时：1.9878ms
自动扫描程序集：0个
扩展缓存：

[[[系统日志]]]
[2020/09/20 19:37:47.2938]
[线程：1]
系统启动

[[[自动注册扩展缓存完成]]]
[2020/09/20 19:37:47.2911]
[线程：1]
注册总用时：1.56ms
自动扫描程序集：0个
扩展缓存：

[[[微信扩展缓存注册完成]]]
[2020/09/20 19:37:47.3091]
[线程：1]
微信扩展缓存注册总用时：0.0017ms
扩展缓存：Senparc.Weixin.Cache.LocalContainerCacheStrategy

