[[[自动注册扩展缓存完成]]]
[2020/12/03 10:57:46.9045]
[线程：1]
注册总用时：1.114ms
自动扫描程序集：0个
扩展缓存：

[[[系统日志]]]
[2020/12/03 10:57:46.9062]
[线程：1]
系统启动

[[[微信扩展缓存注册完成]]]
[2020/12/03 10:57:46.9158]
[线程：1]
微信扩展缓存注册总用时：0.0015ms
扩展缓存：Senparc.Weixin.Cache.LocalContainerCacheStrategy

[[[系统日志]]]
[2020/12/03 11:48:20.4676]
[线程：1]
系统启动

[[[自动注册扩展缓存完成]]]
[2020/12/03 11:48:20.4658]
[线程：1]
注册总用时：1.2086ms
自动扫描程序集：0个
扩展缓存：

[[[微信扩展缓存注册完成]]]
[2020/12/03 11:48:20.4775]
[线程：1]
微信扩展缓存注册总用时：0.0018ms
扩展缓存：Senparc.Weixin.Cache.LocalContainerCacheStrategy

[[[微信扩展缓存注册完成]]]
[2020/12/03 11:54:18.3586]
[线程：1]
微信扩展缓存注册总用时：0.0021ms
扩展缓存：Senparc.Weixin.Cache.LocalContainerCacheStrategy

[[[自动注册扩展缓存完成]]]
[2020/12/03 11:54:18.3463]
[线程：1]
注册总用时：1.1883ms
自动扫描程序集：0个
扩展缓存：

[[[系统日志]]]
[2020/12/03 11:54:18.3480]
[线程：1]
系统启动

[[[自动注册扩展缓存完成]]]
[2020/12/03 11:59:06.3880]
[线程：1]
注册总用时：1.704ms
自动扫描程序集：0个
扩展缓存：

[[[微信扩展缓存注册完成]]]
[2020/12/03 11:59:06.4050]
[线程：1]
微信扩展缓存注册总用时：0.0025ms
扩展缓存：Senparc.Weixin.Cache.LocalContainerCacheStrategy

[[[系统日志]]]
[2020/12/03 11:59:06.3905]
[线程：1]
系统启动

[[[自动注册扩展缓存完成]]]
[2020/12/03 19:21:43.2512]
[线程：1]
注册总用时：1.133ms
自动扫描程序集：0个
扩展缓存：

[[[微信扩展缓存注册完成]]]
[2020/12/03 19:21:43.2628]
[线程：1]
微信扩展缓存注册总用时：0.0017ms
扩展缓存：Senparc.Weixin.Cache.LocalContainerCacheStrategy

[[[系统日志]]]
[2020/12/03 19:21:43.2528]
[线程：1]
系统启动

[[[系统日志]]]
[2020/12/03 19:50:52.0084]
[线程：1]
系统启动

[[[自动注册扩展缓存完成]]]
[2020/12/03 19:50:52.0062]
[线程：1]
注册总用时：1.5229ms
自动扫描程序集：0个
扩展缓存：

[[[微信扩展缓存注册完成]]]
[2020/12/03 19:50:52.0190]
[线程：1]
微信扩展缓存注册总用时：0.0017ms
扩展缓存：Senparc.Weixin.Cache.LocalContainerCacheStrategy

[[[微信扩展缓存注册完成]]]
[2020/12/03 19:55:28.5480]
[线程：1]
微信扩展缓存注册总用时：0.0019ms
扩展缓存：Senparc.Weixin.Cache.LocalContainerCacheStrategy

[[[系统日志]]]
[2020/12/03 19:55:28.5360]
[线程：1]
系统启动

[[[自动注册扩展缓存完成]]]
[2020/12/03 19:55:28.5335]
[线程：1]
注册总用时：1.5642ms
自动扫描程序集：0个
扩展缓存：

