[[[微信扩展缓存注册完成]]]
[2020/12/02 15:09:41.6431]
[线程：1]
微信扩展缓存注册总用时：0.0022ms
扩展缓存：Senparc.Weixin.Cache.LocalContainerCacheStrategy

[[[自动注册扩展缓存完成]]]
[2020/12/02 15:09:41.6241]
[线程：1]
注册总用时：1.5368ms
自动扫描程序集：0个
扩展缓存：

[[[系统日志]]]
[2020/12/02 15:09:41.6267]
[线程：1]
系统启动

[[[自动注册扩展缓存完成]]]
[2020/12/02 17:32:05.8468]
[线程：1]
注册总用时：1.6674ms
自动扫描程序集：0个
扩展缓存：

[[[微信扩展缓存注册完成]]]
[2020/12/02 17:32:05.8670]
[线程：1]
微信扩展缓存注册总用时：0.0026ms
扩展缓存：Senparc.Weixin.Cache.LocalContainerCacheStrategy

[[[系统日志]]]
[2020/12/02 17:32:05.8496]
[线程：1]
系统启动

[[[系统日志]]]
[2020/12/02 17:41:35.2626]
[线程：1]
系统启动

[[[微信扩展缓存注册完成]]]
[2020/12/02 17:41:35.2841]
[线程：1]
微信扩展缓存注册总用时：0.004ms
扩展缓存：Senparc.Weixin.Cache.LocalContainerCacheStrategy

[[[自动注册扩展缓存完成]]]
[2020/12/02 17:41:35.2587]
[线程：1]
注册总用时：1.6573ms
自动扫描程序集：0个
扩展缓存：

[[[微信扩展缓存注册完成]]]
[2020/12/02 17:53:53.0966]
[线程：1]
微信扩展缓存注册总用时：0.0025ms
扩展缓存：Senparc.Weixin.Cache.LocalContainerCacheStrategy

[[[系统日志]]]
[2020/12/02 17:53:53.0794]
[线程：1]
系统启动

[[[自动注册扩展缓存完成]]]
[2020/12/02 17:53:53.0768]
[线程：1]
注册总用时：1.5716ms
自动扫描程序集：0个
扩展缓存：

[[[微信扩展缓存注册完成]]]
[2020/12/02 18:31:48.6328]
[线程：1]
微信扩展缓存注册总用时：0.0019ms
扩展缓存：Senparc.Weixin.Cache.LocalContainerCacheStrategy

[[[自动注册扩展缓存完成]]]
[2020/12/02 18:31:48.6188]
[线程：1]
注册总用时：1.4546ms
自动扫描程序集：0个
扩展缓存：

[[[系统日志]]]
[2020/12/02 18:31:48.6212]
[线程：1]
系统启动

[[[微信扩展缓存注册完成]]]
[2020/12/02 18:37:04.7141]
[线程：1]
微信扩展缓存注册总用时：0.0022ms
扩展缓存：Senparc.Weixin.Cache.LocalContainerCacheStrategy

[[[系统日志]]]
[2020/12/02 18:37:04.7008]
[线程：1]
系统启动

[[[自动注册扩展缓存完成]]]
[2020/12/02 18:37:04.6984]
[线程：1]
注册总用时：1.5502ms
自动扫描程序集：0个
扩展缓存：

[[[自动注册扩展缓存完成]]]
[2020/12/02 18:56:19.2841]
[线程：1]
注册总用时：1.142ms
自动扫描程序集：0个
扩展缓存：

[[[微信扩展缓存注册完成]]]
[2020/12/02 18:56:19.2965]
[线程：1]
微信扩展缓存注册总用时：0.0018ms
扩展缓存：Senparc.Weixin.Cache.LocalContainerCacheStrategy

[[[系统日志]]]
[2020/12/02 18:56:19.2859]
[线程：1]
系统启动

[[[自动注册扩展缓存完成]]]
[2020/12/02 19:04:23.9312]
[线程：1]
注册总用时：2.0799ms
自动扫描程序集：0个
扩展缓存：

[[[系统日志]]]
[2020/12/02 19:04:23.9335]
[线程：1]
系统启动

[[[微信扩展缓存注册完成]]]
[2020/12/02 19:04:23.9498]
[线程：1]
微信扩展缓存注册总用时：0.0033ms
扩展缓存：Senparc.Weixin.Cache.LocalContainerCacheStrategy

[[[微信扩展缓存注册完成]]]
[2020/12/02 19:05:47.8131]
[线程：1]
微信扩展缓存注册总用时：0.002ms
扩展缓存：Senparc.Weixin.Cache.LocalContainerCacheStrategy

[[[自动注册扩展缓存完成]]]
[2020/12/02 19:05:47.8014]
[线程：1]
注册总用时：1.138ms
自动扫描程序集：0个
扩展缓存：

[[[系统日志]]]
[2020/12/02 19:05:47.8031]
[线程：1]
系统启动

[[[系统日志]]]
[2020/12/02 19:11:16.5291]
[线程：1]
系统启动

[[[微信扩展缓存注册完成]]]
[2020/12/02 19:11:16.5437]
[线程：1]
微信扩展缓存注册总用时：0.0026ms
扩展缓存：Senparc.Weixin.Cache.LocalContainerCacheStrategy

[[[自动注册扩展缓存完成]]]
[2020/12/02 19:11:16.5266]
[线程：1]
注册总用时：1.7755ms
自动扫描程序集：0个
扩展缓存：

[[[微信扩展缓存注册完成]]]
[2020/12/02 19:12:46.4293]
[线程：1]
微信扩展缓存注册总用时：0.0022ms
扩展缓存：Senparc.Weixin.Cache.LocalContainerCacheStrategy

[[[系统日志]]]
[2020/12/02 19:12:46.4152]
[线程：1]
系统启动

[[[自动注册扩展缓存完成]]]
[2020/12/02 19:12:46.4126]
[线程：1]
注册总用时：1.6091ms
自动扫描程序集：0个
扩展缓存：

[[[微信扩展缓存注册完成]]]
[2020/12/02 19:36:58.8422]
[线程：1]
微信扩展缓存注册总用时：0.0023ms
扩展缓存：Senparc.Weixin.Cache.LocalContainerCacheStrategy

[[[系统日志]]]
[2020/12/02 19:36:58.8321]
[线程：1]
系统启动

[[[自动注册扩展缓存完成]]]
[2020/12/02 19:36:58.8300]
[线程：1]
注册总用时：1.5037ms
自动扫描程序集：0个
扩展缓存：

[[[系统日志]]]
[2020/12/02 20:19:19.3417]
[线程：1]
系统启动

[[[微信扩展缓存注册完成]]]
[2020/12/02 20:19:19.3664]
[线程：1]
微信扩展缓存注册总用时：0.0034ms
扩展缓存：Senparc.Weixin.Cache.LocalContainerCacheStrategy

[[[自动注册扩展缓存完成]]]
[2020/12/02 20:19:19.3376]
[线程：1]
注册总用时：2.6949ms
自动扫描程序集：0个
扩展缓存：

