[[[系统日志]]]
[2020/12/11 09:55:44.7002]
[线程：1]
系统启动

[[[自动注册扩展缓存完成]]]
[2020/12/11 09:55:44.6979]
[线程：1]
注册总用时：1.4403ms
自动扫描程序集：0个
扩展缓存：

[[[微信扩展缓存注册完成]]]
[2020/12/11 09:55:44.7139]
[线程：1]
微信扩展缓存注册总用时：0.002ms
扩展缓存：Senparc.Weixin.Cache.LocalContainerCacheStrategy

[[[微信扩展缓存注册完成]]]
[2020/12/11 13:14:00.3582]
[线程：1]
微信扩展缓存注册总用时：0.0022ms
扩展缓存：Senparc.Weixin.Cache.LocalContainerCacheStrategy

[[[自动注册扩展缓存完成]]]
[2020/12/11 13:14:00.3442]
[线程：1]
注册总用时：1.1978ms
自动扫描程序集：0个
扩展缓存：

[[[系统日志]]]
[2020/12/11 13:14:00.3460]
[线程：1]
系统启动

[[[微信扩展缓存注册完成]]]
[2020/12/11 13:15:25.7822]
[线程：1]
微信扩展缓存注册总用时：0.0016ms
扩展缓存：Senparc.Weixin.Cache.LocalContainerCacheStrategy

[[[系统日志]]]
[2020/12/11 13:15:25.7700]
[线程：1]
系统启动

[[[自动注册扩展缓存完成]]]
[2020/12/11 13:15:25.7679]
[线程：1]
注册总用时：1.1825ms
自动扫描程序集：0个
扩展缓存：

