[[[微信扩展缓存注册完成]]]
[2020/12/07 09:24:03.0420]
[线程：1]
微信扩展缓存注册总用时：0.0038ms
扩展缓存：Senparc.Weixin.Cache.LocalContainerCacheStrategy

[[[系统日志]]]
[2020/12/07 09:24:03.0214]
[线程：1]
系统启动

[[[自动注册扩展缓存完成]]]
[2020/12/07 09:24:03.0196]
[线程：1]
注册总用时：1.136ms
自动扫描程序集：0个
扩展缓存：

[[[微信扩展缓存注册完成]]]
[2020/12/07 09:29:46.2811]
[线程：1]
微信扩展缓存注册总用时：0.0016ms
扩展缓存：Senparc.Weixin.Cache.LocalContainerCacheStrategy

[[[系统日志]]]
[2020/12/07 09:29:46.2699]
[线程：1]
系统启动

[[[自动注册扩展缓存完成]]]
[2020/12/07 09:29:46.2681]
[线程：1]
注册总用时：1.1266ms
自动扫描程序集：0个
扩展缓存：

[[[自动注册扩展缓存完成]]]
[2020/12/07 09:49:04.6548]
[线程：1]
注册总用时：1.1556ms
自动扫描程序集：0个
扩展缓存：

[[[系统日志]]]
[2020/12/07 09:49:04.6566]
[线程：1]
系统启动

[[[微信扩展缓存注册完成]]]
[2020/12/07 09:49:04.6681]
[线程：1]
微信扩展缓存注册总用时：0.0016ms
扩展缓存：Senparc.Weixin.Cache.LocalContainerCacheStrategy

[[[自动注册扩展缓存完成]]]
[2020/12/07 09:53:41.7356]
[线程：1]
注册总用时：1.1329ms
自动扫描程序集：0个
扩展缓存：

[[[系统日志]]]
[2020/12/07 09:53:41.7374]
[线程：1]
系统启动

[[[微信扩展缓存注册完成]]]
[2020/12/07 09:53:41.7487]
[线程：1]
微信扩展缓存注册总用时：0.0019ms
扩展缓存：Senparc.Weixin.Cache.LocalContainerCacheStrategy

[[[微信扩展缓存注册完成]]]
[2020/12/07 15:01:03.3611]
[线程：1]
微信扩展缓存注册总用时：0.0017ms
扩展缓存：Senparc.Weixin.Cache.LocalContainerCacheStrategy

[[[自动注册扩展缓存完成]]]
[2020/12/07 15:01:03.3457]
[线程：1]
注册总用时：1.1814ms
自动扫描程序集：0个
扩展缓存：

[[[系统日志]]]
[2020/12/07 15:01:03.3476]
[线程：1]
系统启动

[[[微信扩展缓存注册完成]]]
[2020/12/07 16:17:54.9465]
[线程：1]
微信扩展缓存注册总用时：0.0016ms
扩展缓存：Senparc.Weixin.Cache.LocalContainerCacheStrategy

[[[系统日志]]]
[2020/12/07 16:17:54.9349]
[线程：1]
系统启动

[[[自动注册扩展缓存完成]]]
[2020/12/07 16:17:54.9331]
[线程：1]
注册总用时：1.213ms
自动扫描程序集：0个
扩展缓存：

[[[微信扩展缓存注册完成]]]
[2020/12/07 16:26:25.2503]
[线程：1]
微信扩展缓存注册总用时：0.0019ms
扩展缓存：Senparc.Weixin.Cache.LocalContainerCacheStrategy

[[[系统日志]]]
[2020/12/07 16:26:25.2390]
[线程：1]
系统启动

[[[自动注册扩展缓存完成]]]
[2020/12/07 16:26:25.2372]
[线程：1]
注册总用时：1.166ms
自动扫描程序集：0个
扩展缓存：

[[[自动注册扩展缓存完成]]]
[2020/12/07 16:50:25.1931]
[线程：1]
注册总用时：1.1522ms
自动扫描程序集：0个
扩展缓存：

[[[微信扩展缓存注册完成]]]
[2020/12/07 16:50:25.2067]
[线程：1]
微信扩展缓存注册总用时：0.0027ms
扩展缓存：Senparc.Weixin.Cache.LocalContainerCacheStrategy

[[[系统日志]]]
[2020/12/07 16:50:25.1950]
[线程：1]
系统启动

[[[系统日志]]]
[2020/12/07 16:58:47.6532]
[线程：1]
系统启动

[[[自动注册扩展缓存完成]]]
[2020/12/07 16:58:47.6513]
[线程：1]
注册总用时：1.1747ms
自动扫描程序集：0个
扩展缓存：

[[[微信扩展缓存注册完成]]]
[2020/12/07 16:58:47.6647]
[线程：1]
微信扩展缓存注册总用时：0.0016ms
扩展缓存：Senparc.Weixin.Cache.LocalContainerCacheStrategy

[[[自动注册扩展缓存完成]]]
[2020/12/07 17:13:45.8974]
[线程：1]
注册总用时：1.1993ms
自动扫描程序集：0个
扩展缓存：

[[[微信扩展缓存注册完成]]]
[2020/12/07 17:13:45.9113]
[线程：1]
微信扩展缓存注册总用时：0.0024ms
扩展缓存：Senparc.Weixin.Cache.LocalContainerCacheStrategy

[[[系统日志]]]
[2020/12/07 17:13:45.8992]
[线程：1]
系统启动

[[[微信扩展缓存注册完成]]]
[2020/12/07 17:19:01.5341]
[线程：1]
微信扩展缓存注册总用时：0.0016ms
扩展缓存：Senparc.Weixin.Cache.LocalContainerCacheStrategy

[[[系统日志]]]
[2020/12/07 17:19:01.5227]
[线程：1]
系统启动

[[[自动注册扩展缓存完成]]]
[2020/12/07 17:19:01.5208]
[线程：1]
注册总用时：1.1466ms
自动扫描程序集：0个
扩展缓存：

[[[微信扩展缓存注册完成]]]
[2020/12/07 17:24:59.0082]
[线程：1]
微信扩展缓存注册总用时：0.0018ms
扩展缓存：Senparc.Weixin.Cache.LocalContainerCacheStrategy

[[[系统日志]]]
[2020/12/07 17:24:58.9967]
[线程：1]
系统启动

[[[自动注册扩展缓存完成]]]
[2020/12/07 17:24:58.9948]
[线程：1]
注册总用时：1.1463ms
自动扫描程序集：0个
扩展缓存：

[[[微信扩展缓存注册完成]]]
[2020/12/07 17:52:11.2857]
[线程：1]
微信扩展缓存注册总用时：0.0023ms
扩展缓存：Senparc.Weixin.Cache.LocalContainerCacheStrategy

[[[自动注册扩展缓存完成]]]
[2020/12/07 17:52:11.2684]
[线程：1]
注册总用时：1.6825ms
自动扫描程序集：0个
扩展缓存：

[[[系统日志]]]
[2020/12/07 17:52:11.2702]
[线程：1]
系统启动

[[[系统日志]]]
[2020/12/07 17:58:02.8719]
[线程：1]
系统启动

[[[微信扩展缓存注册完成]]]
[2020/12/07 17:58:02.8836]
[线程：1]
微信扩展缓存注册总用时：0.002ms
扩展缓存：Senparc.Weixin.Cache.LocalContainerCacheStrategy

[[[自动注册扩展缓存完成]]]
[2020/12/07 17:58:02.8701]
[线程：1]
注册总用时：1.1586ms
自动扫描程序集：0个
扩展缓存：

[[[微信扩展缓存注册完成]]]
[2020/12/07 18:45:42.6754]
[线程：1]
微信扩展缓存注册总用时：0.0017ms
扩展缓存：Senparc.Weixin.Cache.LocalContainerCacheStrategy

[[[自动注册扩展缓存完成]]]
[2020/12/07 18:45:42.6610]
[线程：1]
注册总用时：1.1321ms
自动扫描程序集：0个
扩展缓存：

[[[系统日志]]]
[2020/12/07 18:45:42.6628]
[线程：1]
系统启动

[[[自动注册扩展缓存完成]]]
[2020/12/07 18:57:36.7922]
[线程：1]
注册总用时：1.1457ms
自动扫描程序集：0个
扩展缓存：

[[[系统日志]]]
[2020/12/07 18:57:36.7940]
[线程：1]
系统启动

[[[微信扩展缓存注册完成]]]
[2020/12/07 18:57:36.8056]
[线程：1]
微信扩展缓存注册总用时：0.0016ms
扩展缓存：Senparc.Weixin.Cache.LocalContainerCacheStrategy

