[[[系统日志]]]
[2020/10/08 10:27:49.6231]
[线程：1]
系统启动

[[[微信扩展缓存注册完成]]]
[2020/10/08 10:27:49.6530]
[线程：1]
微信扩展缓存注册总用时：0.0033ms
扩展缓存：Senparc.Weixin.Cache.LocalContainerCacheStrategy

[[[自动注册扩展缓存完成]]]
[2020/10/08 10:27:49.6187]
[线程：1]
注册总用时：2.6873ms
自动扫描程序集：0个
扩展缓存：

[[[微信扩展缓存注册完成]]]
[2020/10/08 10:45:38.4103]
[线程：1]
微信扩展缓存注册总用时：0.002ms
扩展缓存：Senparc.Weixin.Cache.LocalContainerCacheStrategy

[[[系统日志]]]
[2020/10/08 10:45:38.3968]
[线程：1]
系统启动

[[[自动注册扩展缓存完成]]]
[2020/10/08 10:45:38.3941]
[线程：1]
注册总用时：1.3221ms
自动扫描程序集：0个
扩展缓存：

