[[[微信扩展缓存注册完成]]]
[2020/12/08 11:18:03.3802]
[线程：1]
微信扩展缓存注册总用时：0.0018ms
扩展缓存：Senparc.Weixin.Cache.LocalContainerCacheStrategy

[[[自动注册扩展缓存完成]]]
[2020/12/08 11:18:03.3660]
[线程：1]
注册总用时：1.147ms
自动扫描程序集：0个
扩展缓存：

[[[系统日志]]]
[2020/12/08 11:18:03.3679]
[线程：1]
系统启动

[[[系统日志]]]
[2020/12/08 11:30:58.6893]
[线程：1]
系统启动

[[[自动注册扩展缓存完成]]]
[2020/12/08 11:30:58.6865]
[线程：1]
注册总用时：1.5565ms
自动扫描程序集：0个
扩展缓存：

[[[微信扩展缓存注册完成]]]
[2020/12/08 11:30:58.7012]
[线程：1]
微信扩展缓存注册总用时：0.0017ms
扩展缓存：Senparc.Weixin.Cache.LocalContainerCacheStrategy

[[[系统日志]]]
[2020/12/08 13:35:38.9338]
[线程：1]
系统启动

[[[微信扩展缓存注册完成]]]
[2020/12/08 13:35:38.9506]
[线程：1]
微信扩展缓存注册总用时：0.0023ms
扩展缓存：Senparc.Weixin.Cache.LocalContainerCacheStrategy

[[[自动注册扩展缓存完成]]]
[2020/12/08 13:35:38.9312]
[线程：1]
注册总用时：2.007ms
自动扫描程序集：0个
扩展缓存：

[[[系统日志]]]
[2020/12/08 14:19:52.6631]
[线程：1]
系统启动

[[[微信扩展缓存注册完成]]]
[2020/12/08 14:19:52.6753]
[线程：1]
微信扩展缓存注册总用时：0.0022ms
扩展缓存：Senparc.Weixin.Cache.LocalContainerCacheStrategy

[[[自动注册扩展缓存完成]]]
[2020/12/08 14:19:52.6613]
[线程：1]
注册总用时：1.1618ms
自动扫描程序集：0个
扩展缓存：

